<?xml version="1.0" encoding="UTF-8"?>
<!-- Generated by org.testng.reporters.JUnitReportReporter -->
<testsuite hostname="Rajesh" failures="0" tests="3" name="com.testng.Testngdemo" time="0.013" errors="0" timestamp="2024-04-21T18:18:06 IST" skipped="0">
  <testcase classname="com.testng.Testngdemo" name="testcase3" time="0.010"/>
  <testcase classname="com.testng.Testngdemo" name="testcase2" time="0.001"/>
  <testcase classname="com.testng.Testngdemo" name="testcase1" time="0.002"/>
</testsuite> <!-- com.testng.Testngdemo -->
