<?xml version="1.0" encoding="UTF-8"?>
<!-- Generated by org.testng.reporters.JUnitReportReporter -->
<testsuite hostname="Rajesh" failures="0" tests="2" name="demomavem.DemoMavenTest" time="0.019" errors="0" timestamp="2024-04-21T11:25:02 IST" skipped="0">
  <testcase classname="demomavem.DemoMavenTest" name="testcase2" time="0.017"/>
  <testcase classname="demomavem.DemoMavenTest" name="testcase1" time="0.002"/>
</testsuite> <!-- demomavem.DemoMavenTest -->
