<?xml version="1.0" encoding="UTF-8"?>
<!-- Generated by org.testng.reporters.JUnitReportReporter -->
<testsuite hostname="Rajesh" failures="0" tests="1" name="demomavem.DemoMavenTest" time="0.007" errors="0" timestamp="2024-04-19T13:45:36 IST" skipped="0">
  <testcase classname="demomavem.DemoMavenTest" name="testcase1" time="0.007"/>
</testsuite> <!-- demomavem.DemoMavenTest -->
